/home/amardeep/Desktop/mysources/portfolio/venv/bin/python /home/amardeep/Desktop/mysources/portfolio/test5.py
 -> dfs(<__main__.TreeNode object at 0x7fa9f4887be0>)
    -> dfs(<__main__.TreeNode object at 0x7fa9f47ac910>)
       -> dfs(None)
       <- [0, 0]
       -> dfs(<__main__.TreeNode object at 0x7fa9f479fca0>)
          -> dfs(None)
          <- [0, 0]
          -> dfs(None)
          <- [0, 0]
       <- [3, 0]
    <- [2, 3]
    -> dfs(<__main__.TreeNode object at 0x7fa9f479ff70>)
       -> dfs(None)
       <- [0, 0]
       -> dfs(<__main__.TreeNode object at 0x7fa9f47ac490>)
          -> dfs(None)
          <- [0, 0]
          -> dfs(None)
          <- [0, 0]
       <- [1, 0]
    <- [3, 1]
 <- [7, 6]
7

Process finished with exit code 0
